h:\realtimegraphics\realtimegraphicsdesign\realtimegraphicsdesign\debug\vc120.pdb
h:\realtimegraphics\realtimegraphicsdesign\realtimegraphicsdesign\debug\vc120.idb
h:\realtimegraphics\realtimegraphicsdesign\realtimegraphicsdesign\debug\cam.obj
h:\realtimegraphics\realtimegraphicsdesign\realtimegraphicsdesign\debug\dxbase.obj
h:\realtimegraphics\realtimegraphicsdesign\realtimegraphicsdesign\debug\main.obj
h:\realtimegraphics\realtimegraphicsdesign\realtimegraphicsdesign\debug\skybox.obj
d:\documents\workset\codeheap\realtimegraphics\realtimegraphicsdesign\realtimegraphicsdesign\debug\vc140.pdb
d:\documents\workset\codeheap\realtimegraphics\realtimegraphicsdesign\realtimegraphicsdesign\debug\vc140.idb
h:\realtimegraphics\realtimegraphicsdesign\debug\realtimegraphicsdesign.ilk
h:\realtimegraphics\realtimegraphicsdesign\debug\realtimegraphicsdesign.exe
h:\realtimegraphics\realtimegraphicsdesign\debug\realtimegraphicsdesign.pdb
d:\documents\workset\codeheap\realtimegraphics\realtimegraphicsdesign\realtimegraphicsdesign\debug\vc120.idb
d:\documents\workset\codeheap\realtimegraphics\realtimegraphicsdesign\realtimegraphicsdesign\debug\vc120.pdb
d:\documents\workset\codeheap\realtimegraphics\realtimegraphicsdesign\debug\realtimegraphicsdesign.pdb
d:\documents\workset\codeheap\realtimegraphics\realtimegraphicsdesign\debug\realtimegraphicsdesign.exe
d:\documents\workset\codeheap\realtimegraphics\realtimegraphicsdesign\debug\realtimegraphicsdesign.ilk
d:\documents\workset\codeheap\realtimegraphics\realtimegraphicsdesign\realtimegraphicsdesign\debug\realtime.810833c0.tlog\cl.command.1.tlog
d:\documents\workset\codeheap\realtimegraphics\realtimegraphicsdesign\realtimegraphicsdesign\debug\realtime.810833c0.tlog\cl.read.1.tlog
d:\documents\workset\codeheap\realtimegraphics\realtimegraphicsdesign\realtimegraphicsdesign\debug\realtime.810833c0.tlog\cl.write.1.tlog
d:\documents\workset\codeheap\realtimegraphics\realtimegraphicsdesign\realtimegraphicsdesign\debug\realtime.810833c0.tlog\link.command.1.tlog
d:\documents\workset\codeheap\realtimegraphics\realtimegraphicsdesign\realtimegraphicsdesign\debug\realtime.810833c0.tlog\link.read.1.tlog
d:\documents\workset\codeheap\realtimegraphics\realtimegraphicsdesign\realtimegraphicsdesign\debug\realtime.810833c0.tlog\link.write.1.tlog
