d:\documents\workset\codeheap\2013_c++_task\lmwtm\lmwtm\lmwtm\debug\lmwtm.pch
d:\documents\workset\codeheap\2013_c++_task\lmwtm\lmwtm\lmwtm\debug\vc140.pdb
d:\documents\workset\codeheap\2013_c++_task\lmwtm\lmwtm\lmwtm\debug\vc140.idb
d:\documents\workset\codeheap\2013_c++_task\lmwtm\lmwtm\lmwtm\debug\stdafx.obj
d:\documents\workset\codeheap\2013_c++_task\lmwtm\lmwtm\lmwtm\debug\carrow.obj
d:\documents\workset\codeheap\2013_c++_task\lmwtm\lmwtm\lmwtm\debug\ccontroller.obj
d:\documents\workset\codeheap\2013_c++_task\lmwtm\lmwtm\lmwtm\debug\generatebutton.obj
d:\documents\workset\codeheap\2013_c++_task\lmwtm\lmwtm\lmwtm\debug\labyrinth.obj
d:\documents\workset\codeheap\2013_c++_task\lmwtm\lmwtm\lmwtm\debug\lmwtm.obj
d:\documents\workset\codeheap\2013_c++_task\lmwtm\lmwtm\lmwtm\debug\lmwtmdlg.obj
d:\documents\workset\codeheap\2013_c++_task\lmwtm\lmwtm\lmwtm\debug\mymfcbutton.obj
d:\documents\workset\codeheap\2013_c++_task\lmwtm\lmwtm\lmwtm\debug\tiaotiaobutton.obj
d:\documents\workset\codeheap\2013_c++_task\lmwtm\lmwtm\debug\lmwtm.ilk
d:\documents\workset\codeheap\2013_c++_task\lmwtm\lmwtm\debug\lmwtm.exe
d:\documents\workset\codeheap\2013_c++_task\lmwtm\lmwtm\debug\lmwtm.pdb
d:\documents\workset\codeheap\2013_c++_task\lmwtm\lmwtm\lmwtm\debug\lmwtm.res
d:\documents\workset\codeheap\2013_c++_task\lmwtm\lmwtm\lmwtm\debug\lmwtm.tlog\cl.command.1.tlog
d:\documents\workset\codeheap\2013_c++_task\lmwtm\lmwtm\lmwtm\debug\lmwtm.tlog\cl.read.1.tlog
d:\documents\workset\codeheap\2013_c++_task\lmwtm\lmwtm\lmwtm\debug\lmwtm.tlog\cl.write.1.tlog
d:\documents\workset\codeheap\2013_c++_task\lmwtm\lmwtm\lmwtm\debug\lmwtm.tlog\link.command.1.tlog
d:\documents\workset\codeheap\2013_c++_task\lmwtm\lmwtm\lmwtm\debug\lmwtm.tlog\link.read.1.tlog
d:\documents\workset\codeheap\2013_c++_task\lmwtm\lmwtm\lmwtm\debug\lmwtm.tlog\link.write.1.tlog
d:\documents\workset\codeheap\2013_c++_task\lmwtm\lmwtm\lmwtm\debug\lmwtm.tlog\rc.command.1.tlog
d:\documents\workset\codeheap\2013_c++_task\lmwtm\lmwtm\lmwtm\debug\lmwtm.tlog\rc.read.1.tlog
d:\documents\workset\codeheap\2013_c++_task\lmwtm\lmwtm\lmwtm\debug\lmwtm.tlog\rc.write.1.tlog
